2025-03-15 11:48:09.573 : 
2025-03-15 11:48:09.575 : ================== Signature Check ====================
2025-03-15 11:48:09.576 : Author = paul di_Debug_OffLine
2025-03-15 11:48:09.576 : Version = 2024.0718.155524
2025-03-15 11:48:09.577 : ChangeLog = for debug/verify
2025-03-15 11:48:09.577 : Expiration = 2028-06-24
2025-03-15 11:48:56.384 : 
2025-03-15 11:48:56.385 : ================== Signature Check ====================
2025-03-15 11:48:56.387 : Author = paul di_Debug_OffLine
2025-03-15 11:48:56.387 : Version = 2024.0718.155524
2025-03-15 11:48:56.387 : ChangeLog = for debug/verify
2025-03-15 11:48:56.388 : Expiration = 2028-06-24
2025-03-15 11:49:31.343 : 
2025-03-15 11:49:31.344 : ================== Signature Check ====================
2025-03-15 11:49:31.346 : Author = paul di_Debug_OffLine
2025-03-15 11:49:31.346 : Version = 2024.0718.155524
2025-03-15 11:49:31.346 : ChangeLog = for debug/verify
2025-03-15 11:49:31.347 : Expiration = 2028-06-24
2025-03-15 11:50:05.571 : 
2025-03-15 11:50:05.572 : ================== Signature Check ====================
2025-03-15 11:50:05.573 : Author = paul di_Debug_OffLine
2025-03-15 11:50:05.573 : Version = 2024.0718.155524
2025-03-15 11:50:05.574 : ChangeLog = for debug/verify
2025-03-15 11:50:05.574 : Expiration = 2028-06-24
