2025-03-14 11:55:19.384 : 
2025-03-14 11:55:19.386 : ================== Signature Check ====================
2025-03-14 11:55:19.388 : Author = paul di_Debug_OffLine
2025-03-14 11:55:19.389 : Version = 2024.0718.155524
2025-03-14 11:55:19.390 : ChangeLog = for debug/verify
2025-03-14 11:55:19.391 : Expiration = 2028-06-24
2025-03-14 12:00:33.788 : 
2025-03-14 12:00:33.789 : ================== Signature Check ====================
2025-03-14 12:00:33.790 : Author = paul di_Debug_OffLine
2025-03-14 12:00:33.790 : Version = 2024.0718.155524
2025-03-14 12:00:33.791 : ChangeLog = for debug/verify
2025-03-14 12:00:33.791 : Expiration = 2028-06-24
2025-03-14 16:01:55.725 : 
2025-03-14 16:01:55.726 : ================== Signature Check ====================
2025-03-14 16:01:55.727 : Author = paul di_Debug_OffLine
2025-03-14 16:01:55.727 : Version = 2024.0718.155524
2025-03-14 16:01:55.728 : ChangeLog = for debug/verify
2025-03-14 16:01:55.728 : Expiration = 2028-06-24
2025-03-14 16:06:37.435 : 
2025-03-14 16:06:37.436 : ================== Signature Check ====================
2025-03-14 16:06:37.437 : Author = paul di_Debug_OffLine
2025-03-14 16:06:37.437 : Version = 2024.0718.155524
2025-03-14 16:06:37.438 : ChangeLog = for debug/verify
2025-03-14 16:06:37.438 : Expiration = 2028-06-24
2025-03-14 16:07:38.185 : 
2025-03-14 16:07:38.186 : ================== Signature Check ====================
2025-03-14 16:07:38.188 : Author = paul di_Debug_OffLine
2025-03-14 16:07:38.188 : Version = 2024.0718.155524
2025-03-14 16:07:38.188 : ChangeLog = for debug/verify
2025-03-14 16:07:38.189 : Expiration = 2028-06-24
2025-03-14 18:00:04.964 : 
2025-03-14 18:00:04.965 : ================== Signature Check ====================
2025-03-14 18:00:04.966 : Author = paul di_Debug_OffLine
2025-03-14 18:00:04.967 : Version = 2024.0718.155524
2025-03-14 18:00:04.967 : ChangeLog = for debug/verify
2025-03-14 18:00:04.967 : Expiration = 2028-06-24
